c:\users\14242\desktop\game engine\game_hc\glfw_project\src\glfw.dir\debug\vc143.pdb
c:\users\14242\desktop\game engine\game_hc\glfw_project\src\glfw.dir\debug\win32_window.obj
c:\users\14242\desktop\game engine\game_hc\glfw_project\src\glfw.dir\debug\win32_monitor.obj
c:\users\14242\desktop\game engine\game_hc\glfw_project\src\glfw.dir\debug\win32_joystick.obj
c:\users\14242\desktop\game engine\game_hc\glfw_project\src\glfw.dir\debug\win32_init.obj
c:\users\14242\desktop\game engine\game_hc\glfw_project\src\glfw.dir\debug\win32_thread.obj
c:\users\14242\desktop\game engine\game_hc\glfw_project\src\glfw.dir\debug\win32_time.obj
c:\users\14242\desktop\game engine\game_hc\glfw_project\src\glfw.dir\debug\win32_module.obj
c:\users\14242\desktop\game engine\game_hc\glfw_project\src\glfw.dir\debug\null_joystick.obj
c:\users\14242\desktop\game engine\game_hc\glfw_project\src\glfw.dir\debug\null_window.obj
c:\users\14242\desktop\game engine\game_hc\glfw_project\src\glfw.dir\debug\null_monitor.obj
c:\users\14242\desktop\game engine\game_hc\glfw_project\src\glfw.dir\debug\null_init.obj
c:\users\14242\desktop\game engine\game_hc\glfw_project\src\glfw.dir\debug\osmesa_context.obj
c:\users\14242\desktop\game engine\game_hc\glfw_project\src\glfw.dir\debug\egl_context.obj
c:\users\14242\desktop\game engine\game_hc\glfw_project\src\glfw.dir\debug\window.obj
c:\users\14242\desktop\game engine\game_hc\glfw_project\src\glfw.dir\debug\vulkan.obj
c:\users\14242\desktop\game engine\game_hc\glfw_project\src\glfw.dir\debug\platform.obj
c:\users\14242\desktop\game engine\game_hc\glfw_project\src\glfw.dir\debug\monitor.obj
c:\users\14242\desktop\game engine\game_hc\glfw_project\src\glfw.dir\debug\input.obj
c:\users\14242\desktop\game engine\game_hc\glfw_project\src\glfw.dir\debug\init.obj
c:\users\14242\desktop\game engine\game_hc\glfw_project\src\glfw.dir\debug\context.obj
c:\users\14242\desktop\game engine\game_hc\glfw_project\src\glfw.dir\debug\wgl_context.obj
c:\users\14242\desktop\game engine\game_hc\glfw_project\src\cmakefiles\generate.stamp
c:\users\14242\desktop\game engine\game_hc\glfw_project\src\glfw.dir\debug\glfw3.ilk
c:\users\14242\desktop\game engine\game_hc\x64\debug\glfw3.dll
c:\users\14242\desktop\game engine\game_hc\glfw_project\src\debug\glfw3.pdb
c:\users\14242\desktop\game engine\game_hc\glfw_project\src\debug\glfw3dll.lib
c:\users\14242\desktop\game engine\game_hc\glfw_project\src\debug\glfw3dll.exp
c:\users\14242\desktop\game engine\game_hc\glfw_project\src\glfw.dir\debug\glfw.res
c:\users\14242\desktop\game engine\game_hc\glfw_project\src\glfw.dir\debug\glfw.tlog\cl.command.1.tlog
c:\users\14242\desktop\game engine\game_hc\glfw_project\src\glfw.dir\debug\glfw.tlog\cl.items.tlog
c:\users\14242\desktop\game engine\game_hc\glfw_project\src\glfw.dir\debug\glfw.tlog\cl.read.1.tlog
c:\users\14242\desktop\game engine\game_hc\glfw_project\src\glfw.dir\debug\glfw.tlog\cl.write.1.tlog
c:\users\14242\desktop\game engine\game_hc\glfw_project\src\glfw.dir\debug\glfw.tlog\custombuild.command.1.tlog
c:\users\14242\desktop\game engine\game_hc\glfw_project\src\glfw.dir\debug\glfw.tlog\custombuild.read.1.tlog
c:\users\14242\desktop\game engine\game_hc\glfw_project\src\glfw.dir\debug\glfw.tlog\custombuild.write.1.tlog
c:\users\14242\desktop\game engine\game_hc\glfw_project\src\glfw.dir\debug\glfw.tlog\link.command.1.tlog
c:\users\14242\desktop\game engine\game_hc\glfw_project\src\glfw.dir\debug\glfw.tlog\link.read.1.tlog
c:\users\14242\desktop\game engine\game_hc\glfw_project\src\glfw.dir\debug\glfw.tlog\link.write.1.tlog
c:\users\14242\desktop\game engine\game_hc\glfw_project\src\glfw.dir\debug\glfw.tlog\link.write.2u.tlog
c:\users\14242\desktop\game engine\game_hc\glfw_project\src\glfw.dir\debug\glfw.tlog\rc.command.1.tlog
c:\users\14242\desktop\game engine\game_hc\glfw_project\src\glfw.dir\debug\glfw.tlog\rc.read.1.tlog
c:\users\14242\desktop\game engine\game_hc\glfw_project\src\glfw.dir\debug\glfw.tlog\rc.write.1.tlog
